## SLURM PROLOG ###############################################################
##    Job ID : 9896003
##  Job Name : covid_pipeline
##  Nodelist : node1108
##      CPUs : 24
##  Mem/Node : 131072 MB
## Directory : /gpfs/data/ris3/dev/050523/covid19_analysis/1_scripts
##   Job Started : Wed May 10 11:56:04 EDT 2023
###############################################################################
Job stats:
job                      count    min threads    max threads
---------------------  -------  -------------  -------------
align_to_reference           1              1              1
all                          1              1              1
cache_sequence_assign        1              1              1
create_seq_hash              1              1              1
get_constellations           1              1              1
merged_info                  1              1              1
scorpio                      1              1              1
sequence_qc                  1              1              1
total                        8              1              1

[32m****
Query sequences collapsed from [0m25716[32m to [0m22250[32m unique sequences.[0m
[32m****
[0m4235[32m sequences assigned via designations.[0m
[32m****
Running sequence QC[0m
[32mTotal passing QC: [0m22166
Job stats:
job                count    min threads    max threads
---------------  -------  -------------  -------------
all                    1              1              1
usher_cache            1              1              1
usher_inference        1              1              1
usher_to_report        1              1              1
total                  4              1              1

Using UShER as inference engine.
[32m****
Pangolin running in usher mode.
****[0m
[32m
--no-temp: [0mall intermediate files will be written to /gpfs/data/ris3/dev/050523/covid19_analysis/3_results/20230510/pangolin

[32mMaximum ambiguity allowed is 0.3.
****[0m
[32mQuery file:	[0m/gpfs/data/ris3/dev/050523/covid19_analysis/0_data/gisaid.fasta
[32m****
Data files found:[0m
usher_pb:	/opt/conda/envs/pangolin/lib/python3.8/site-packages/pangolin_data/data/lineageTree.pb
[32m****[0m
[32m****
Output file written to: [0m/gpfs/data/ris3/dev/050523/covid19_analysis/3_results/20230510/pangolin/lineage_report.csv
[32m****
Output alignment written to: [0m/gpfs/data/ris3/dev/050523/covid19_analysis/3_results/20230510/pangolin/alignment.fasta
[2m2023-05-10 16:10:22.555[0m [2m[[0m[33mW[39m[2m][0m [2mnextclade_ordered_writer.rs:193:[0m In sequence #5982 'hCoV-19/USA/RI-RKL_006_RISEQ-95_KD0092/2021': Unable to align: seed matches suggest large indels or are ambiguous due to duplications. This is likely due to a low quality of the provided sequence, or due to using incorrect reference sequence.. Note that this sequence will not be included in the results.
[2m2023-05-10 16:10:42.459[0m [2m[[0m[33mW[39m[2m][0m [2mnextclade_ordered_writer.rs:193:[0m In sequence #21431 'hCoV-19/USA/RI-ASC-210825685/2022': Unable to align: seed matches suggest large indels or are ambiguous due to duplications. This is likely due to a low quality of the provided sequence, or due to using incorrect reference sequence.. Note that this sequence will not be included in the results.
[2m2023-05-10 16:11:24.039[0m [2m[[0m[33mW[39m[2m][0m [2mnextalign_ordered_writer.rs:121:[0m In sequence #5982 'hCoV-19/USA/RI-RKL_006_RISEQ-95_KD0092/2021': Unable to align: seed matches suggest large indels or are ambiguous due to duplications. This is likely due to a low quality of the provided sequence, or due to using incorrect reference sequence.. Note that this sequence will not be included in the results.
[2m2023-05-10 16:11:37.222[0m [2m[[0m[33mW[39m[2m][0m [2mnextalign_ordered_writer.rs:121:[0m In sequence #21431 'hCoV-19/USA/RI-ASC-210825685/2022': Unable to align: seed matches suggest large indels or are ambiguous due to duplications. This is likely due to a low quality of the provided sequence, or due to using incorrect reference sequence.. Note that this sequence will not be included in the results.
── Attaching core tidyverse packages ──────────────────────── tidyverse 2.0.0 ──
✔ dplyr     1.1.2     ✔ readr     2.1.4
✔ forcats   1.0.0     ✔ stringr   1.5.0
✔ ggplot2   3.4.2     ✔ tibble    3.2.1
✔ lubridate 1.9.2     ✔ tidyr     1.3.0
✔ purrr     1.0.1     
── Conflicts ────────────────────────────────────────── tidyverse_conflicts() ──
✖ dplyr::filter() masks stats::filter()
✖ dplyr::lag()    masks stats::lag()
ℹ Use the conflicted package (<http://conflicted.r-lib.org/>) to force all conflicts to become errors

Attaching package: ‘scales’

The following object is masked from ‘package:purrr’:

    discard

The following object is masked from ‘package:readr’:

    col_factor

[1] "20230510"                                   
[2] "/gpfs/data/ris3/dev/050523/covid19_analysis"
Rows: 25613 Columns: 123
── Column specification ────────────────────────────────────────────────────────
Delimiter: ","
chr  (59): strain, virus, accession_id, region, country, division, location,...
dbl  (36): X, length, pangolin.conflict, pangolin.scorpio_support, pangolin....
lgl  (26): genbank_accession, Nextstrain_clade, title, paper_url, purpose_of...
date  (2): date, date_submitted

ℹ Use `spec()` to retrieve the full column specification for this data.
ℹ Specify the column types or set `show_col_types = FALSE` to quiet this message.
Warning message:
One or more parsing issues, call `problems()` on your data frame for details,
e.g.:
  dat <- vroom(...)
  problems(dat) 
Multiple formats matched: "%Om %d"(1), "Mar %Om"(1), "%b %d"(1), "Mar %H"(1), "Mar %m"(1)
Using: "%b %d"
Multiple formats matched: "%Om %d, %Y"(1), "Mar %Om, %Y"(1), "%b %d, %Y"(1), "Mar %m, %Y"(1)
Using: "%b %d, %Y"
Multiple formats matched: "%Om %d"(1), "Mar %Om"(1), "%b %d"(1), "Mar %H"(1), "Mar %m"(1)
Using: "%b %d"
Multiple formats matched: "%Om %d, %Y"(1), "Mar %Om, %Y"(1), "%b %d, %Y"(1), "Mar %m, %Y"(1)
Using: "%b %d, %Y"
Multiple formats matched: "%Om %d"(1), "Mar %Om"(1), "%b %d"(1), "Mar %H"(1), "Mar %m"(1)
Using: "%b %d"
Multiple formats matched: "%Om %d, %Y"(1), "Mar %Om, %Y"(1), "%b %d, %Y"(1), "Mar %m, %Y"(1)
Using: "%b %d, %Y"
Multiple formats matched: "%Om %d"(1), "Mar %Om"(1), "%b %d"(1), "Mar %H"(1), "Mar %m"(1)
Using: "%b %d"
Multiple formats matched: "%Om %d, %Y"(1), "Mar %Om, %Y"(1), "%b %d, %Y"(1), "Mar %m, %Y"(1)
Using: "%b %d, %Y"
Multiple formats matched: "%Om %d"(1), "Mar %Om"(1), "%b %d"(1), "Mar %H"(1), "Mar %m"(1)
Using: "%b %d"
Multiple formats matched: "%Om %d, %Y"(1), "Mar %Om, %Y"(1), "%b %d, %Y"(1), "Mar %m, %Y"(1)
Using: "%b %d, %Y"
Multiple formats matched: "%Om %d"(1), "Mar %Om"(1), "%b %d"(1), "Mar %H"(1), "Mar %m"(1)
Using: "%b %d"
Multiple formats matched: "%Om %d, %Y"(1), "Mar %Om, %Y"(1), "%b %d, %Y"(1), "Mar %m, %Y"(1)
Using: "%b %d, %Y"
Multiple formats matched: "%Om %d"(1), "Mar %Om"(1), "%b %d"(1), "Mar %H"(1), "Mar %m"(1)
Using: "%b %d"
Multiple formats matched: "%Om %d, %Y"(1), "Mar %Om, %Y"(1), "%b %d, %Y"(1), "Mar %m, %Y"(1)
Using: "%b %d, %Y"
Multiple formats matched: "%Om %d"(1), "Mar %Om"(1), "%b %d"(1), "Mar %H"(1), "Mar %m"(1)
Using: "%b %d"
Multiple formats matched: "%Om %d, %Y"(1), "Mar %Om, %Y"(1), "%b %d, %Y"(1), "Mar %m, %Y"(1)
Using: "%b %d, %Y"
Multiple formats matched: "%Om %d"(1), "Mar %Om"(1), "%b %d"(1), "Mar %H"(1), "Mar %m"(1)
Using: "%b %d"
Multiple formats matched: "%Om %d, %Y"(1), "Mar %Om, %Y"(1), "%b %d, %Y"(1), "Mar %m, %Y"(1)
Using: "%b %d, %Y"
Multiple formats matched: "%Om %d"(1), "Mar %Om"(1), "%b %d"(1), "Mar %H"(1), "Mar %m"(1)
Using: "%b %d"
Multiple formats matched: "%Om %d, %Y"(1), "Mar %Om, %Y"(1), "%b %d, %Y"(1), "Mar %m, %Y"(1)
Using: "%b %d, %Y"
Multiple formats matched: "%Om %d"(1), "Mar %Om"(1), "%b %d"(1), "Mar %H"(1), "Mar %m"(1)
Using: "%b %d"
Multiple formats matched: "%Om %d, %Y"(1), "Mar %Om, %Y"(1), "%b %d, %Y"(1), "Mar %m, %Y"(1)
Using: "%b %d, %Y"
Multiple formats matched: "%Om %d"(1), "Mar %Om"(1), "%b %d"(1), "Mar %H"(1), "Mar %m"(1)
Using: "%b %d"
Multiple formats matched: "%Om %d, %Y"(1), "Mar %Om, %Y"(1), "%b %d, %Y"(1), "Mar %m, %Y"(1)
Using: "%b %d, %Y"
Multiple formats matched: "%Om %d"(1), "Mar %Om"(1), "%b %d"(1), "Mar %H"(1), "Mar %m"(1)
Using: "%b %d"
Multiple formats matched: "%Om %d, %Y"(1), "Mar %Om, %Y"(1), "%b %d, %Y"(1), "Mar %m, %Y"(1)
Using: "%b %d, %Y"
`summarise()` has grouped output by 'variant'. You can override using the
`.groups` argument.
`summarise()` has grouped output by 'Source'. You can override using the
`.groups` argument.
Joining with `by = join_by(Source, coll_date, N)`
Warning message:
Using `size` aesthetic for lines was deprecated in ggplot2 3.4.0.
ℹ Please use `linewidth` instead. 
`summarise()` has grouped output by 'ym', 'year'. You can override using the
`.groups` argument.
# A tibble: 26 × 4
# Groups:   ym, year [26]
   ym          year month    nd
   <date>     <dbl> <dbl> <int>
 1 2021-01-01  2021     1   200
 2 2021-02-01  2021     2   491
 3 2021-03-01  2021     3  1199
 4 2021-04-01  2021     4  1483
 5 2021-05-01  2021     5   816
 6 2021-06-01  2021     6   151
 7 2021-07-01  2021     7   580
 8 2021-08-01  2021     8  1276
 9 2021-09-01  2021     9  1563
10 2021-10-01  2021    10  1381
# ℹ 16 more rows
# A tibble: 26 × 2
   ym            nm
   <date>     <int>
 1 2021-01-01   200
 2 2021-02-01   491
 3 2021-03-01  1199
 4 2021-04-01  1483
 5 2021-05-01   816
 6 2021-06-01   151
 7 2021-07-01   580
 8 2021-08-01  1276
 9 2021-09-01  1563
10 2021-10-01  1381
# ℹ 16 more rows
Adding missing grouping variables: `year`
# A tibble: 26 × 3
# Groups:   ym, year [26]
    year ym             m
   <dbl> <date>     <int>
 1  2021 2021-01-01     1
 2  2021 2021-02-01     2
 3  2021 2021-03-01     3
 4  2021 2021-04-01     4
 5  2021 2021-05-01     5
 6  2021 2021-06-01     6
 7  2021 2021-07-01     7
 8  2021 2021-08-01     8
 9  2021 2021-09-01     9
10  2021 2021-10-01    10
# ℹ 16 more rows
── Attaching core tidyverse packages ──────────────────────── tidyverse 2.0.0 ──
✔ dplyr     1.1.2     ✔ readr     2.1.4
✔ forcats   1.0.0     ✔ stringr   1.5.0
✔ ggplot2   3.4.2     ✔ tibble    3.2.1
✔ lubridate 1.9.2     ✔ tidyr     1.3.0
✔ purrr     1.0.1     
── Conflicts ────────────────────────────────────────── tidyverse_conflicts() ──
✖ dplyr::filter() masks stats::filter()
✖ dplyr::lag()    masks stats::lag()
ℹ Use the conflicted package (<http://conflicted.r-lib.org/>) to force all conflicts to become errors

Attaching package: ‘scales’

The following object is masked from ‘package:purrr’:

    discard

The following object is masked from ‘package:readr’:

    col_factor

Rows: 25613 Columns: 123
── Column specification ────────────────────────────────────────────────────────
Delimiter: ","
chr  (59): strain, virus, accession_id, region, country, division, location,...
dbl  (36): X, length, pangolin.conflict, pangolin.scorpio_support, pangolin....
lgl  (26): genbank_accession, Nextstrain_clade, title, paper_url, purpose_of...
date  (2): date, date_submitted

ℹ Use `spec()` to retrieve the full column specification for this data.
ℹ Specify the column types or set `show_col_types = FALSE` to quiet this message.
Warning message:
One or more parsing issues, call `problems()` on your data frame for details,
e.g.:
  dat <- vroom(...)
  problems(dat) 
Multiple formats matched: "%Om %d"(1), "Mar %Om"(1), "%b %d"(1), "Mar %H"(1), "Mar %m"(1)
Using: "%b %d"
Multiple formats matched: "%Om %d, %Y"(1), "Mar %Om, %Y"(1), "%b %d, %Y"(1), "Mar %m, %Y"(1)
Using: "%b %d, %Y"
Multiple formats matched: "%Om %d"(1), "Mar %Om"(1), "%b %d"(1), "Mar %H"(1), "Mar %m"(1)
Using: "%b %d"
Multiple formats matched: "%Om %d, %Y"(1), "Mar %Om, %Y"(1), "%b %d, %Y"(1), "Mar %m, %Y"(1)
Using: "%b %d, %Y"
Multiple formats matched: "%Om %d"(1), "Mar %Om"(1), "%b %d"(1), "Mar %H"(1), "Mar %m"(1)
Using: "%b %d"
Multiple formats matched: "%Om %d, %Y"(1), "Mar %Om, %Y"(1), "%b %d, %Y"(1), "Mar %m, %Y"(1)
Using: "%b %d, %Y"
Multiple formats matched: "%Om %d"(1), "Mar %Om"(1), "%b %d"(1), "Mar %H"(1), "Mar %m"(1)
Using: "%b %d"
Multiple formats matched: "%Om %d, %Y"(1), "Mar %Om, %Y"(1), "%b %d, %Y"(1), "Mar %m, %Y"(1)
Using: "%b %d, %Y"
Multiple formats matched: "%Om %d"(1), "Mar %Om"(1), "%b %d"(1), "Mar %H"(1), "Mar %m"(1)
Using: "%b %d"
Multiple formats matched: "%Om %d, %Y"(1), "Mar %Om, %Y"(1), "%b %d, %Y"(1), "Mar %m, %Y"(1)
Using: "%b %d, %Y"
Multiple formats matched: "%Om %d"(1), "Mar %Om"(1), "%b %d"(1), "Mar %H"(1), "Mar %m"(1)
Using: "%b %d"
Multiple formats matched: "%Om %d, %Y"(1), "Mar %Om, %Y"(1), "%b %d, %Y"(1), "Mar %m, %Y"(1)
Using: "%b %d, %Y"
Multiple formats matched: "%Om %d"(1), "Mar %Om"(1), "%b %d"(1), "Mar %H"(1), "Mar %m"(1)
Using: "%b %d"
Multiple formats matched: "%Om %d, %Y"(1), "Mar %Om, %Y"(1), "%b %d, %Y"(1), "Mar %m, %Y"(1)
Using: "%b %d, %Y"
Multiple formats matched: "%Om %d"(1), "Mar %Om"(1), "%b %d"(1), "Mar %H"(1), "Mar %m"(1)
Using: "%b %d"
Multiple formats matched: "%Om %d, %Y"(1), "Mar %Om, %Y"(1), "%b %d, %Y"(1), "Mar %m, %Y"(1)
Using: "%b %d, %Y"
Multiple formats matched: "%Om %d"(1), "Mar %Om"(1), "%b %d"(1), "Mar %H"(1), "Mar %m"(1)
Using: "%b %d"
Multiple formats matched: "%Om %d, %Y"(1), "Mar %Om, %Y"(1), "%b %d, %Y"(1), "Mar %m, %Y"(1)
Using: "%b %d, %Y"
Multiple formats matched: "%Om %d"(1), "Mar %Om"(1), "%b %d"(1), "Mar %H"(1), "Mar %m"(1)
Using: "%b %d"
Multiple formats matched: "%Om %d, %Y"(1), "Mar %Om, %Y"(1), "%b %d, %Y"(1), "Mar %m, %Y"(1)
Using: "%b %d, %Y"
Multiple formats matched: "%Om %d"(1), "Mar %Om"(1), "%b %d"(1), "Mar %H"(1), "Mar %m"(1)
Using: "%b %d"
Multiple formats matched: "%Om %d, %Y"(1), "Mar %Om, %Y"(1), "%b %d, %Y"(1), "Mar %m, %Y"(1)
Using: "%b %d, %Y"
Multiple formats matched: "%Om %d"(1), "Mar %Om"(1), "%b %d"(1), "Mar %H"(1), "Mar %m"(1)
Using: "%b %d"
Multiple formats matched: "%Om %d, %Y"(1), "Mar %Om, %Y"(1), "%b %d, %Y"(1), "Mar %m, %Y"(1)
Using: "%b %d, %Y"
Multiple formats matched: "%Om %d"(1), "Mar %Om"(1), "%b %d"(1), "Mar %H"(1), "Mar %m"(1)
Using: "%b %d"
Multiple formats matched: "%Om %d, %Y"(1), "Mar %Om, %Y"(1), "%b %d, %Y"(1), "Mar %m, %Y"(1)
Using: "%b %d, %Y"
`summarise()` has grouped output by 'variant'. You can override using the
`.groups` argument.
`summarise()` has grouped output by 'Source'. You can override using the
`.groups` argument.
Joining with `by = join_by(Source, coll_date, N)`
`summarise()` has grouped output by 'ym', 'year'. You can override using the
`.groups` argument.
# A tibble: 25 × 4
# Groups:   ym, year [25]
   ym          year month    nd
   <date>     <dbl> <dbl> <int>
 1 2021-02-01  2021     2    98
 2 2021-03-01  2021     3   169
 3 2021-04-01  2021     4   154
 4 2021-05-01  2021     5   122
 5 2021-06-01  2021     6    39
 6 2021-07-01  2021     7   201
 7 2021-08-01  2021     8   196
 8 2021-09-01  2021     9    77
 9 2021-10-01  2021    10    75
10 2021-11-01  2021    11   127
# ℹ 15 more rows
# A tibble: 25 × 2
   ym            nm
   <date>     <int>
 1 2021-02-01    98
 2 2021-03-01   169
 3 2021-04-01   154
 4 2021-05-01   122
 5 2021-06-01    39
 6 2021-07-01   201
 7 2021-08-01   196
 8 2021-09-01    77
 9 2021-10-01    75
10 2021-11-01   127
# ℹ 15 more rows
Adding missing grouping variables: `year`
# A tibble: 25 × 3
# Groups:   ym, year [25]
    year ym             m
   <dbl> <date>     <int>
 1  2021 2021-02-01     1
 2  2021 2021-03-01     2
 3  2021 2021-04-01     3
 4  2021 2021-05-01     4
 5  2021 2021-06-01     5
 6  2021 2021-07-01     6
 7  2021 2021-08-01     7
 8  2021 2021-09-01     8
 9  2021 2021-10-01     9
10  2021 2021-11-01    10
# ℹ 15 more rows
── Attaching core tidyverse packages ──────────────────────── tidyverse 2.0.0 ──
✔ dplyr     1.1.2     ✔ readr     2.1.4
✔ forcats   1.0.0     ✔ stringr   1.5.0
✔ ggplot2   3.4.2     ✔ tibble    3.2.1
✔ lubridate 1.9.2     ✔ tidyr     1.3.0
✔ purrr     1.0.1     
── Conflicts ────────────────────────────────────────── tidyverse_conflicts() ──
✖ dplyr::filter() masks stats::filter()
✖ dplyr::lag()    masks stats::lag()
ℹ Use the conflicted package (<http://conflicted.r-lib.org/>) to force all conflicts to become errors
Rows: 25613 Columns: 123
── Column specification ────────────────────────────────────────────────────────
Delimiter: ","
chr  (59): strain, virus, accession_id, region, country, division, location,...
dbl  (36): X, length, pangolin.conflict, pangolin.scorpio_support, pangolin....
lgl  (26): genbank_accession, Nextstrain_clade, title, paper_url, purpose_of...
date  (2): date, date_submitted

ℹ Use `spec()` to retrieve the full column specification for this data.
ℹ Specify the column types or set `show_col_types = FALSE` to quiet this message.
Warning message:
One or more parsing issues, call `problems()` on your data frame for details,
e.g.:
  dat <- vroom(...)
  problems(dat) 
Multiple formats matched: "%Om %d"(1), "Mar %Om"(1), "%b %d"(1), "Mar %H"(1), "Mar %m"(1)
Using: "%b %d"
Multiple formats matched: "%Om %d, %Y"(1), "Mar %Om, %Y"(1), "%b %d, %Y"(1), "Mar %m, %Y"(1)
Using: "%b %d, %Y"
Multiple formats matched: "%Om %d"(1), "Mar %Om"(1), "%b %d"(1), "Mar %H"(1), "Mar %m"(1)
Using: "%b %d"
Multiple formats matched: "%Om %d, %Y"(1), "Mar %Om, %Y"(1), "%b %d, %Y"(1), "Mar %m, %Y"(1)
Using: "%b %d, %Y"
Multiple formats matched: "%Om %d"(1), "Mar %Om"(1), "%b %d"(1), "Mar %H"(1), "Mar %m"(1)
Using: "%b %d"
Multiple formats matched: "%Om %d, %Y"(1), "Mar %Om, %Y"(1), "%b %d, %Y"(1), "Mar %m, %Y"(1)
Using: "%b %d, %Y"
Multiple formats matched: "%Om %d"(1), "Mar %Om"(1), "%b %d"(1), "Mar %H"(1), "Mar %m"(1)
Using: "%b %d"
Multiple formats matched: "%Om %d, %Y"(1), "Mar %Om, %Y"(1), "%b %d, %Y"(1), "Mar %m, %Y"(1)
Using: "%b %d, %Y"
Multiple formats matched: "%Om %d"(1), "Mar %Om"(1), "%b %d"(1), "Mar %H"(1), "Mar %m"(1)
Using: "%b %d"
Multiple formats matched: "%Om %d, %Y"(1), "Mar %Om, %Y"(1), "%b %d, %Y"(1), "Mar %m, %Y"(1)
Using: "%b %d, %Y"
Multiple formats matched: "%Om %d, %Y"(1), "Mar %Om, %Y"(1), "%b %d, %Y"(1), "Mar %m, %Y"(1)
Using: "%b %d, %Y"
Multiple formats matched: "%Om %d"(1), "Mar %Om"(1), "%b %d"(1), "Mar %H"(1), "Mar %m"(1)
Using: "%b %d"
Multiple formats matched: "%Om %d, %Y"(1), "Mar %Om, %Y"(1), "%b %d, %Y"(1), "Mar %m, %Y"(1)
Using: "%b %d, %Y"
Multiple formats matched: "%Om %d"(1), "Mar %Om"(1), "%b %d"(1), "Mar %H"(1), "Mar %m"(1)
Using: "%b %d"
Multiple formats matched: "%Om %d, %Y"(1), "Mar %Om, %Y"(1), "%b %d, %Y"(1), "Mar %m, %Y"(1)
Using: "%b %d, %Y"
Multiple formats matched: "%Om %d"(1), "Mar %Om"(1), "%b %d"(1), "Mar %H"(1), "Mar %m"(1)
Using: "%b %d"
Multiple formats matched: "%Om %d, %Y"(1), "Mar %Om, %Y"(1), "%b %d, %Y"(1), "Mar %m, %Y"(1)
Using: "%b %d, %Y"
Multiple formats matched: "%Om %d"(1), "Mar %Om"(1), "%b %d"(1), "Mar %H"(1), "Mar %m"(1)
Using: "%b %d"
Multiple formats matched: "%Om %d, %Y"(1), "Mar %Om, %Y"(1), "%b %d, %Y"(1), "Mar %m, %Y"(1)
Using: "%b %d, %Y"
Multiple formats matched: "%Om %d"(1), "Mar %Om"(1), "%b %d"(1), "Mar %H"(1), "Mar %m"(1)
Using: "%b %d"
Multiple formats matched: "%Om %d, %Y"(1), "Mar %Om, %Y"(1), "%b %d, %Y"(1), "Mar %m, %Y"(1)
Using: "%b %d, %Y"
Multiple formats matched: "%Om %d"(1), "Mar %Om"(1), "%b %d"(1), "Mar %H"(1), "Mar %m"(1)
Using: "%b %d"
Multiple formats matched: "%Om %d, %Y"(1), "Mar %Om, %Y"(1), "%b %d, %Y"(1), "Mar %m, %Y"(1)
Using: "%b %d, %Y"
Multiple formats matched: "%Om %d"(1), "Mar %Om"(1), "%b %d"(1), "Mar %H"(1), "Mar %m"(1)
Using: "%b %d"
Multiple formats matched: "%Om %d, %Y"(1), "Mar %Om, %Y"(1), "%b %d, %Y"(1), "Mar %m, %Y"(1)
Using: "%b %d, %Y"
Multiple formats matched: "%Om %d"(1), "Mar %Om"(1), "%b %d"(1), "Mar %H"(1), "Mar %m"(1)
Using: "%b %d"
Multiple formats matched: "%Om %d, %Y"(1), "Mar %Om, %Y"(1), "%b %d, %Y"(1), "Mar %m, %Y"(1)
Using: "%b %d, %Y"
Multiple formats matched: "%Om %d"(1), "Mar %Om"(1), "%b %d"(1), "Mar %H"(1), "Mar %m"(1)
Using: "%b %d"
Multiple formats matched: "%Om %d, %Y"(1), "Mar %Om, %Y"(1), "%b %d, %Y"(1), "Mar %m, %Y"(1)
Using: "%b %d, %Y"
Multiple formats matched: "%Om %d"(1), "Mar %Om"(1), "%b %d"(1), "Mar %H"(1), "Mar %m"(1)
Using: "%b %d"
Multiple formats matched: "%Om %d, %Y"(1), "Mar %Om, %Y"(1), "%b %d, %Y"(1), "Mar %m, %Y"(1)
Using: "%b %d, %Y"
Multiple formats matched: "%Om %d"(1), "Mar %Om"(1), "%b %d"(1), "Mar %H"(1), "Mar %m"(1)
Using: "%b %d"
Multiple formats matched: "%Om %d, %Y"(1), "Mar %Om, %Y"(1), "%b %d, %Y"(1), "Mar %m, %Y"(1)
Using: "%b %d, %Y"
Multiple formats matched: "%Om %d"(1), "Mar %Om"(1), "%b %d"(1), "Mar %H"(1), "Mar %m"(1)
Using: "%b %d"
Multiple formats matched: "%Om %d, %Y"(1), "Mar %Om, %Y"(1), "%b %d, %Y"(1), "Mar %m, %Y"(1)
Using: "%b %d, %Y"
Multiple formats matched: "%Om %d"(1), "Mar %Om"(1), "%b %d"(1), "Mar %H"(1), "Mar %m"(1)
Using: "%b %d"
Multiple formats matched: "%Om %d, %Y"(1), "Mar %Om, %Y"(1), "%b %d, %Y"(1), "Mar %m, %Y"(1)
Using: "%b %d, %Y"
Multiple formats matched: "%Om %d"(1), "Mar %Om"(1), "%b %d"(1), "Mar %H"(1), "Mar %m"(1)
Using: "%b %d"
Multiple formats matched: "%Om %d, %Y"(1), "Mar %Om, %Y"(1), "%b %d, %Y"(1), "Mar %m, %Y"(1)
Using: "%b %d, %Y"
Multiple formats matched: "%Om %d"(1), "Mar %Om"(1), "%b %d"(1), "Mar %H"(1), "Mar %m"(1)
Using: "%b %d"
Multiple formats matched: "%Om %d, %Y"(1), "Mar %Om, %Y"(1), "%b %d, %Y"(1), "Mar %m, %Y"(1)
Using: "%b %d, %Y"
Multiple formats matched: "%Om %d"(1), "Mar %Om"(1), "%b %d"(1), "Mar %H"(1), "Mar %m"(1)
Using: "%b %d"
Multiple formats matched: "%Om %d, %Y"(1), "Mar %Om, %Y"(1), "%b %d, %Y"(1), "Mar %m, %Y"(1)
Using: "%b %d, %Y"
Multiple formats matched: "%Om %d"(1), "Mar %Om"(1), "%b %d"(1), "Mar %H"(1), "Mar %m"(1)
Using: "%b %d"
Multiple formats matched: "%Om %d, %Y"(1), "Mar %Om, %Y"(1), "%b %d, %Y"(1), "Mar %m, %Y"(1)
Using: "%b %d, %Y"
Multiple formats matched: "%Om %d"(1), "Mar %Om"(1), "%b %d"(1), "Mar %H"(1), "Mar %m"(1)
Using: "%b %d"
Multiple formats matched: "%Om %d, %Y"(1), "Mar %Om, %Y"(1), "%b %d, %Y"(1), "Mar %m, %Y"(1)
Using: "%b %d, %Y"
Multiple formats matched: "%Om %d"(1), "Mar %Om"(1), "%b %d"(1), "Mar %H"(1), "Mar %m"(1)
Using: "%b %d"
Multiple formats matched: "%Om %d, %Y"(1), "Mar %Om, %Y"(1), "%b %d, %Y"(1), "Mar %m, %Y"(1)
Using: "%b %d, %Y"
Multiple formats matched: "%Om %d"(1), "Mar %Om"(1), "%b %d"(1), "Mar %H"(1), "Mar %m"(1)
Using: "%b %d"
Multiple formats matched: "%Om %d, %Y"(1), "Mar %Om, %Y"(1), "%b %d, %Y"(1), "Mar %m, %Y"(1)
Using: "%b %d, %Y"
Multiple formats matched: "%Om %d"(1), "Mar %Om"(1), "%b %d"(1), "Mar %H"(1), "Mar %m"(1)
Using: "%b %d"
Multiple formats matched: "%Om %d, %Y"(1), "Mar %Om, %Y"(1), "%b %d, %Y"(1), "Mar %m, %Y"(1)
Using: "%b %d, %Y"
Multiple formats matched: "%Om %d"(1), "Mar %Om"(1), "%b %d"(1), "Mar %H"(1), "Mar %m"(1)
Using: "%b %d"
Multiple formats matched: "%Om %d, %Y"(1), "Mar %Om, %Y"(1), "%b %d, %Y"(1), "Mar %m, %Y"(1)
Using: "%b %d, %Y"
Multiple formats matched: "%Om %d"(1), "Mar %Om"(1), "%b %d"(1), "Mar %H"(1), "Mar %m"(1)
Using: "%b %d"
Multiple formats matched: "%Om %d, %Y"(1), "Mar %Om, %Y"(1), "%b %d, %Y"(1), "Mar %m, %Y"(1)
Using: "%b %d, %Y"
Multiple formats matched: "%Om %d"(1), "Mar %Om"(1), "%b %d"(1), "Mar %H"(1), "Mar %m"(1)
Using: "%b %d"
Multiple formats matched: "%Om %d, %Y"(1), "Mar %Om, %Y"(1), "%b %d, %Y"(1), "Mar %m, %Y"(1)
Using: "%b %d, %Y"
Multiple formats matched: "%Om %d"(1), "Mar %Om"(1), "%b %d"(1), "Mar %H"(1), "Mar %m"(1)
Using: "%b %d"
Multiple formats matched: "%Om %d, %Y"(1), "Mar %Om, %Y"(1), "%b %d, %Y"(1), "Mar %m, %Y"(1)
Using: "%b %d, %Y"
Multiple formats matched: "%Om %d"(1), "Mar %Om"(1), "%b %d"(1), "Mar %H"(1), "Mar %m"(1)
Using: "%b %d"
Multiple formats matched: "%Om %d, %Y"(1), "Mar %Om, %Y"(1), "%b %d, %Y"(1), "Mar %m, %Y"(1)
Using: "%b %d, %Y"
Multiple formats matched: "%Om %d"(1), "Mar %Om"(1), "%b %d"(1), "Mar %H"(1), "Mar %m"(1)
Using: "%b %d"
Multiple formats matched: "%Om %d, %Y"(1), "Mar %Om, %Y"(1), "%b %d, %Y"(1), "Mar %m, %Y"(1)
Using: "%b %d, %Y"
Multiple formats matched: "%Om %d"(1), "Mar %Om"(1), "%b %d"(1), "Mar %H"(1), "Mar %m"(1)
Using: "%b %d"
Multiple formats matched: "%Om %d, %Y"(1), "Mar %Om, %Y"(1), "%b %d, %Y"(1), "Mar %m, %Y"(1)
Using: "%b %d, %Y"
Multiple formats matched: "%Om %d"(1), "Mar %Om"(1), "%b %d"(1), "Mar %H"(1), "Mar %m"(1)
Using: "%b %d"
Multiple formats matched: "%Om %d, %Y"(1), "Mar %Om, %Y"(1), "%b %d, %Y"(1), "Mar %m, %Y"(1)
Using: "%b %d, %Y"
Multiple formats matched: "%Om %d"(1), "Mar %Om"(1), "%b %d"(1), "Mar %H"(1), "Mar %m"(1)
Using: "%b %d"
Multiple formats matched: "%Om %d, %Y"(1), "Mar %Om, %Y"(1), "%b %d, %Y"(1), "Mar %m, %Y"(1)
Using: "%b %d, %Y"
Multiple formats matched: "%Om %d, %Y"(1), "Mar %Om, %Y"(1), "%b %d, %Y"(1), "Mar %m, %Y"(1)
Using: "%b %d, %Y"
Multiple formats matched: "%Om %d"(1), "Mar %Om"(1), "%b %d"(1), "Mar %H"(1), "Mar %m"(1)
Using: "%b %d"
Multiple formats matched: "%Om %d, %Y"(1), "Mar %Om, %Y"(1), "%b %d, %Y"(1), "Mar %m, %Y"(1)
Using: "%b %d, %Y"
Multiple formats matched: "%Om %d"(1), "Mar %Om"(1), "%b %d"(1), "Mar %H"(1), "Mar %m"(1)
Using: "%b %d"
Multiple formats matched: "%Om %d, %Y"(1), "Mar %Om, %Y"(1), "%b %d, %Y"(1), "Mar %m, %Y"(1)
Using: "%b %d, %Y"
Multiple formats matched: "%Om %d"(1), "Mar %Om"(1), "%b %d"(1), "Mar %H"(1), "Mar %m"(1)
Using: "%b %d"
Multiple formats matched: "%Om %d, %Y"(1), "Mar %Om, %Y"(1), "%b %d, %Y"(1), "Mar %m, %Y"(1)
Using: "%b %d, %Y"
Multiple formats matched: "%Om %d"(1), "Mar %Om"(1), "%b %d"(1), "Mar %H"(1), "Mar %m"(1)
Using: "%b %d"
Multiple formats matched: "%Om %d, %Y"(1), "Mar %Om, %Y"(1), "%b %d, %Y"(1), "Mar %m, %Y"(1)
Using: "%b %d, %Y"
Multiple formats matched: "%Om %d"(1), "Mar %Om"(1), "%b %d"(1), "Mar %H"(1), "Mar %m"(1)
Using: "%b %d"
Multiple formats matched: "%Om %d, %Y"(1), "Mar %Om, %Y"(1), "%b %d, %Y"(1), "Mar %m, %Y"(1)
Using: "%b %d, %Y"
Multiple formats matched: "%Om %d"(1), "Mar %Om"(1), "%b %d"(1), "Mar %H"(1), "Mar %m"(1)
Using: "%b %d"
Multiple formats matched: "%Om %d, %Y"(1), "Mar %Om, %Y"(1), "%b %d, %Y"(1), "Mar %m, %Y"(1)
Using: "%b %d, %Y"
Multiple formats matched: "%Om %d"(1), "Mar %Om"(1), "%b %d"(1), "Mar %H"(1), "Mar %m"(1)
Using: "%b %d"
Multiple formats matched: "%Om %d, %Y"(1), "Mar %Om, %Y"(1), "%b %d, %Y"(1), "Mar %m, %Y"(1)
Using: "%b %d, %Y"
Multiple formats matched: "%Om %d"(1), "Mar %Om"(1), "%b %d"(1), "Mar %H"(1), "Mar %m"(1)
Using: "%b %d"
Multiple formats matched: "%Om %d, %Y"(1), "Mar %Om, %Y"(1), "%b %d, %Y"(1), "Mar %m, %Y"(1)
Using: "%b %d, %Y"
Multiple formats matched: "%Om %d"(1), "Mar %Om"(1), "%b %d"(1), "Mar %H"(1), "Mar %m"(1)
Using: "%b %d"
Multiple formats matched: "%Om %d, %Y"(1), "Mar %Om, %Y"(1), "%b %d, %Y"(1), "Mar %m, %Y"(1)
Using: "%b %d, %Y"
Multiple formats matched: "%Om %d"(1), "Mar %Om"(1), "%b %d"(1), "Mar %H"(1), "Mar %m"(1)
Using: "%b %d"
Multiple formats matched: "%Om %d, %Y"(1), "Mar %Om, %Y"(1), "%b %d, %Y"(1), "Mar %m, %Y"(1)
Using: "%b %d, %Y"
Multiple formats matched: "%Om %d"(1), "Mar %Om"(1), "%b %d"(1), "Mar %H"(1), "Mar %m"(1)
Using: "%b %d"
Multiple formats matched: "%Om %d, %Y"(1), "Mar %Om, %Y"(1), "%b %d, %Y"(1), "Mar %m, %Y"(1)
Using: "%b %d, %Y"
Multiple formats matched: "%Om %d"(1), "Mar %Om"(1), "%b %d"(1), "Mar %H"(1), "Mar %m"(1)
Using: "%b %d"
Multiple formats matched: "%Om %d, %Y"(1), "Mar %Om, %Y"(1), "%b %d, %Y"(1), "Mar %m, %Y"(1)
Using: "%b %d, %Y"
Multiple formats matched: "%Om %d"(1), "Mar %Om"(1), "%b %d"(1), "Mar %H"(1), "Mar %m"(1)
Using: "%b %d"
Multiple formats matched: "%Om %d, %Y"(1), "Mar %Om, %Y"(1), "%b %d, %Y"(1), "Mar %m, %Y"(1)
Using: "%b %d, %Y"
Multiple formats matched: "%Om %d"(1), "Mar %Om"(1), "%b %d"(1), "Mar %H"(1), "Mar %m"(1)
Using: "%b %d"
Multiple formats matched: "%Om %d, %Y"(1), "Mar %Om, %Y"(1), "%b %d, %Y"(1), "Mar %m, %Y"(1)
Using: "%b %d, %Y"
Multiple formats matched: "%Om %d"(1), "Mar %Om"(1), "%b %d"(1), "Mar %H"(1), "Mar %m"(1)
Using: "%b %d"
Multiple formats matched: "%Om %d, %Y"(1), "Mar %Om, %Y"(1), "%b %d, %Y"(1), "Mar %m, %Y"(1)
Using: "%b %d, %Y"
Multiple formats matched: "%Om %d"(1), "Mar %Om"(1), "%b %d"(1), "Mar %H"(1), "Mar %m"(1)
Using: "%b %d"
Multiple formats matched: "%Om %d, %Y"(1), "Mar %Om, %Y"(1), "%b %d, %Y"(1), "Mar %m, %Y"(1)
Using: "%b %d, %Y"
Multiple formats matched: "%Om %d"(1), "Mar %Om"(1), "%b %d"(1), "Mar %H"(1), "Mar %m"(1)
Using: "%b %d"
Multiple formats matched: "%Om %d, %Y"(1), "Mar %Om, %Y"(1), "%b %d, %Y"(1), "Mar %m, %Y"(1)
Using: "%b %d, %Y"
Multiple formats matched: "%Om %d"(1), "Mar %Om"(1), "%b %d"(1), "Mar %H"(1), "Mar %m"(1)
Using: "%b %d"
Multiple formats matched: "%Om %d, %Y"(1), "Mar %Om, %Y"(1), "%b %d, %Y"(1), "Mar %m, %Y"(1)
Using: "%b %d, %Y"
Multiple formats matched: "%Om %d"(1), "Mar %Om"(1), "%b %d"(1), "Mar %H"(1), "Mar %m"(1)
Using: "%b %d"
Multiple formats matched: "%Om %d, %Y"(1), "Mar %Om, %Y"(1), "%b %d, %Y"(1), "Mar %m, %Y"(1)
Using: "%b %d, %Y"
Multiple formats matched: "%Om %d"(1), "Mar %Om"(1), "%b %d"(1), "Mar %H"(1), "Mar %m"(1)
Using: "%b %d"
Multiple formats matched: "%Om %d, %Y"(1), "Mar %Om, %Y"(1), "%b %d, %Y"(1), "Mar %m, %Y"(1)
Using: "%b %d, %Y"
Multiple formats matched: "%Om %d"(1), "Mar %Om"(1), "%b %d"(1), "Mar %H"(1), "Mar %m"(1)
Using: "%b %d"
Multiple formats matched: "%Om %d, %Y"(1), "Mar %Om, %Y"(1), "%b %d, %Y"(1), "Mar %m, %Y"(1)
Using: "%b %d, %Y"
Multiple formats matched: "%Om %d"(1), "Mar %Om"(1), "%b %d"(1), "Mar %H"(1), "Mar %m"(1)
Using: "%b %d"
Multiple formats matched: "%Om %d, %Y"(1), "Mar %Om, %Y"(1), "%b %d, %Y"(1), "Mar %m, %Y"(1)
Using: "%b %d, %Y"
Multiple formats matched: "%Om %d"(1), "Mar %Om"(1), "%b %d"(1), "Mar %H"(1), "Mar %m"(1)
Using: "%b %d"
Multiple formats matched: "%Om %d, %Y"(1), "Mar %Om, %Y"(1), "%b %d, %Y"(1), "Mar %m, %Y"(1)
Using: "%b %d, %Y"
Multiple formats matched: "%Om %d, %Y"(1), "Mar %Om, %Y"(1), "%b %d, %Y"(1), "Mar %m, %Y"(1)
Using: "%b %d, %Y"
Multiple formats matched: "%Om %d"(1), "Mar %Om"(1), "%b %d"(1), "Mar %H"(1), "Mar %m"(1)
Using: "%b %d"
Multiple formats matched: "%Om %d, %Y"(1), "Mar %Om, %Y"(1), "%b %d, %Y"(1), "Mar %m, %Y"(1)
Using: "%b %d, %Y"
Multiple formats matched: "%Om %d"(1), "Mar %Om"(1), "%b %d"(1), "Mar %H"(1), "Mar %m"(1)
Using: "%b %d"
Multiple formats matched: "%Om %d, %Y"(1), "Mar %Om, %Y"(1), "%b %d, %Y"(1), "Mar %m, %Y"(1)
Using: "%b %d, %Y"
Multiple formats matched: "%Om %d"(1), "Mar %Om"(1), "%b %d"(1), "Mar %H"(1), "Mar %m"(1)
Using: "%b %d"
Multiple formats matched: "%Om %d, %Y"(1), "Mar %Om, %Y"(1), "%b %d, %Y"(1), "Mar %m, %Y"(1)
Using: "%b %d, %Y"
Multiple formats matched: "%Om %d"(1), "Mar %Om"(1), "%b %d"(1), "Mar %H"(1), "Mar %m"(1)
Using: "%b %d"
Multiple formats matched: "%Om %d, %Y"(1), "Mar %Om, %Y"(1), "%b %d, %Y"(1), "Mar %m, %Y"(1)
Using: "%b %d, %Y"
Multiple formats matched: "%Om %d"(1), "Mar %Om"(1), "%b %d"(1), "Mar %H"(1), "Mar %m"(1)
Using: "%b %d"
Multiple formats matched: "%Om %d, %Y"(1), "Mar %Om, %Y"(1), "%b %d, %Y"(1), "Mar %m, %Y"(1)
Using: "%b %d, %Y"
Multiple formats matched: "%Om %d"(1), "Mar %Om"(1), "%b %d"(1), "Mar %H"(1), "Mar %m"(1)
Using: "%b %d"
Multiple formats matched: "%Om %d, %Y"(1), "Mar %Om, %Y"(1), "%b %d, %Y"(1), "Mar %m, %Y"(1)
Using: "%b %d, %Y"
`summarise()` has grouped output by 'mutation'. You can override using the
`.groups` argument.
`summarise()` has grouped output by 'ym', 'year'. You can override using the
`.groups` argument.
# A tibble: 37 × 6
# Groups:   ym, year [37]
   ym       year month    nd     m seqs 
   <chr>   <dbl> <dbl> <int> <int> <chr>
 1 2020-02  2020     2     1     1 Total
 2 2020-03  2020     3     8     2 Total
 3 2020-04  2020     4    85     3 Total
 4 2020-05  2020     5    22     4 Total
 5 2020-06  2020     6     4     5 Total
 6 2020-07  2020     7     7     6 Total
 7 2020-08  2020     8     3     7 Total
 8 2020-09  2020     9     3     8 Total
 9 2020-10  2020    10    22     9 Total
10 2020-11  2020    11    70    10 Total
# ℹ 27 more rows
Initial Analyses Complete, Running IQtree
IQ-TREE multicore version 2.1.2 COVID-edition for Linux 64-bit built Oct 22 2020
Developed by Bui Quang Minh, James Barbetti, Nguyen Lam Tung,
Olga Chernomor, Heiko Schmidt, Dominik Schrempf, Michael Woodhams.

Host:    node1108.oscar.ccv.brown.edu (AVX512, FMA3, 187 GB RAM)
Command: iqtree -s /gpfs/data/ris3/dev/050523/covid19_analysis/3_results/20230510/nextalign/nextalign.aligned.fasta --prefix /gpfs/data/ris3/dev/050523/covid19_analysis/3_results/20230510/iqtree2 -st DNA -m GTR+F -t 24 --mem 128G
Seed:    866821 (Using SPRNG - Scalable Parallel Random Number Generator)
Time:    Wed May 10 12:13:01 2023
Kernel:  AVX+FMA - 1 threads (24 CPU cores detected)

HINT: Use -nt option to specify number of threads because your CPU has 24 cores!
HINT: -nt AUTO will automatically determine the best number of threads to use.

Reading alignment file /gpfs/data/ris3/dev/050523/covid19_analysis/3_results/20230510/nextalign/nextalign.aligned.fasta ... Fasta format detected
Alignment most likely contains DNA/RNA sequences
Alignment has 26059 sequences with 29903 columns, 28191 distinct patterns
8968 parsimony-informative, 4224 singleton sites, 16711 constant sites
ERROR: Duplicated sequence name hCoV-19/USA/RI-CDC-LC0698613/2022
ERROR: Duplicated sequence name hCoV-19/USA/RI-CDC-LC0698613/2022
ERROR: Duplicated sequence name hCoV-19/USA/RI-CDC-LC0698613/2022
ERROR: Duplicated sequence name hCoV-19/USA/RI-CDC-LC0698621/2022
ERROR: Duplicated sequence name hCoV-19/USA/RI-CDC-LC0698621/2022
ERROR: Duplicated sequence name hCoV-19/USA/RI-CDC-LC0698621/2022
ERROR: Duplicated sequence name hCoV-19/USA/RI-CDC-LC0698622/2022
ERROR: Duplicated sequence name hCoV-19/USA/RI-CDC-LC0698622/2022
ERROR: Duplicated sequence name hCoV-19/USA/RI-CDC-LC0698622/2022
ERROR: Duplicated sequence name hCoV-19/USA/RI-CDC-LC0698623/2022
ERROR: Duplicated sequence name hCoV-19/USA/RI-CDC-LC0698623/2022
ERROR: Duplicated sequence name hCoV-19/USA/RI-CDC-LC0698623/2022
ERROR: Duplicated sequence name hCoV-19/USA/RI-CDC-LC0700180/2022
ERROR: Duplicated sequence name hCoV-19/USA/RI-CDC-LC0700180/2022
ERROR: Duplicated sequence name hCoV-19/USA/RI-CDC-LC0700180/2022
ERROR: Duplicated sequence name hCoV-19/USA/RI-CDC-LC0700245/2022
ERROR: Duplicated sequence name hCoV-19/USA/RI-CDC-LC0700245/2022
ERROR: Duplicated sequence name hCoV-19/USA/RI-CDC-LC0700245/2022
ERROR: Duplicated sequence name hCoV-19/USA/RI-CDC-LC0700248/2022
ERROR: Duplicated sequence name hCoV-19/USA/RI-CDC-LC0700248/2022
ERROR: Duplicated sequence name hCoV-19/USA/RI-CDC-LC0700248/2022
ERROR: Duplicated sequence name hCoV-19/USA/RI-CDC-LC0700259/2022
ERROR: Duplicated sequence name hCoV-19/USA/RI-CDC-LC0700259/2022
ERROR: Duplicated sequence name hCoV-19/USA/RI-CDC-LC0700259/2022
ERROR: Duplicated sequence name hCoV-19/USA/RI-CDC-LC0700263/2022
ERROR: Duplicated sequence name hCoV-19/USA/RI-CDC-LC0700263/2022
ERROR: Duplicated sequence name hCoV-19/USA/RI-CDC-LC0700263/2022
ERROR: Duplicated sequence name hCoV-19/USA/RI-CDC-LC0700276/2022
ERROR: Duplicated sequence name hCoV-19/USA/RI-CDC-LC0700276/2022
ERROR: Duplicated sequence name hCoV-19/USA/RI-CDC-LC0700276/2022
ERROR: Duplicated sequence name hCoV-19/USA/RI-CDC-LC0700382/2022
ERROR: Duplicated sequence name hCoV-19/USA/RI-CDC-LC0700382/2022
ERROR: Duplicated sequence name hCoV-19/USA/RI-CDC-LC0700382/2022
ERROR: Duplicated sequence name hCoV-19/USA/RI-CDC-LC0700386/2022
ERROR: Duplicated sequence name hCoV-19/USA/RI-CDC-LC0700386/2022
ERROR: Duplicated sequence name hCoV-19/USA/RI-CDC-LC0700386/2022
ERROR: Duplicated sequence name hCoV-19/USA/RI-CDC-LC0700387/2022
ERROR: Duplicated sequence name hCoV-19/USA/RI-CDC-LC0700387/2022
ERROR: Duplicated sequence name hCoV-19/USA/RI-CDC-LC0700387/2022
ERROR: Duplicated sequence name hCoV-19/USA/RI-CDC-LC0700395/2022
ERROR: Duplicated sequence name hCoV-19/USA/RI-CDC-LC0700395/2022
ERROR: Duplicated sequence name hCoV-19/USA/RI-CDC-LC0700395/2022
ERROR: Duplicated sequence name hCoV-19/USA/RI-CDC-LC0700396/2022
ERROR: Duplicated sequence name hCoV-19/USA/RI-CDC-LC0700396/2022
ERROR: Duplicated sequence name hCoV-19/USA/RI-CDC-LC0700396/2022
ERROR: Duplicated sequence name hCoV-19/USA/RI-CDC-LC0700632/2022
ERROR: Duplicated sequence name hCoV-19/USA/RI-CDC-LC0700632/2022
ERROR: Duplicated sequence name hCoV-19/USA/RI-CDC-LC0700632/2022
ERROR: Duplicated sequence name hCoV-19/USA/RI-CDC-LC0700633/2022
ERROR: Duplicated sequence name hCoV-19/USA/RI-CDC-LC0700633/2022
ERROR: Duplicated sequence name hCoV-19/USA/RI-CDC-LC0700633/2022
ERROR: Duplicated sequence name hCoV-19/USA/RI-CDC-LC0700648/2022
ERROR: Duplicated sequence name hCoV-19/USA/RI-CDC-LC0700648/2022
ERROR: Duplicated sequence name hCoV-19/USA/RI-CDC-LC0700648/2022
ERROR: Duplicated sequence name hCoV-19/USA/RI-CDC-LC0700655/2022
ERROR: Duplicated sequence name hCoV-19/USA/RI-CDC-LC0700655/2022
ERROR: Duplicated sequence name hCoV-19/USA/RI-CDC-LC0700655/2022
ERROR: Duplicated sequence name hCoV-19/USA/RI-CDC-LC0700718/2022
ERROR: Duplicated sequence name hCoV-19/USA/RI-CDC-LC0700718/2022
ERROR: Duplicated sequence name hCoV-19/USA/RI-CDC-LC0700718/2022
ERROR: Duplicated sequence name hCoV-19/USA/RI-CDC-LC0700783/2022
ERROR: Duplicated sequence name hCoV-19/USA/RI-CDC-LC0700783/2022
ERROR: Duplicated sequence name hCoV-19/USA/RI-CDC-LC0700783/2022
ERROR: Duplicated sequence name hCoV-19/USA/RI-CDC-LC0700800/2022
ERROR: Duplicated sequence name hCoV-19/USA/RI-CDC-LC0700800/2022
ERROR: Duplicated sequence name hCoV-19/USA/RI-CDC-LC0700800/2022
ERROR: Duplicated sequence name hCoV-19/USA/RI-CDC-LC0700803/2022
ERROR: Duplicated sequence name hCoV-19/USA/RI-CDC-LC0700803/2022
ERROR: Duplicated sequence name hCoV-19/USA/RI-CDC-LC0700803/2022
ERROR: Duplicated sequence name hCoV-19/USA/RI-CDC-LC0701116/2022
ERROR: Duplicated sequence name hCoV-19/USA/RI-CDC-LC0701116/2022
ERROR: Duplicated sequence name hCoV-19/USA/RI-CDC-LC0701116/2022
ERROR: Duplicated sequence name hCoV-19/USA/RI-CDC-LC0701120/2022
ERROR: Duplicated sequence name hCoV-19/USA/RI-CDC-LC0701120/2022
ERROR: Duplicated sequence name hCoV-19/USA/RI-CDC-LC0701120/2022
ERROR: Duplicated sequence name hCoV-19/USA/RI-CDC-LC0701141/2022
ERROR: Duplicated sequence name hCoV-19/USA/RI-CDC-LC0701141/2022
ERROR: Duplicated sequence name hCoV-19/USA/RI-CDC-LC0701141/2022
ERROR: Duplicated sequence name hCoV-19/USA/RI-CDC-LC0701144/2022
ERROR: Duplicated sequence name hCoV-19/USA/RI-CDC-LC0701144/2022
ERROR: Duplicated sequence name hCoV-19/USA/RI-CDC-LC0701144/2022
ERROR: Duplicated sequence name hCoV-19/USA/RI-CDC-LC0701151/2022
ERROR: Duplicated sequence name hCoV-19/USA/RI-CDC-LC0701151/2022
ERROR: Duplicated sequence name hCoV-19/USA/RI-CDC-LC0701151/2022
ERROR: Duplicated sequence name hCoV-19/USA/RI-CDC-LC0701255/2022
ERROR: Duplicated sequence name hCoV-19/USA/RI-CDC-LC0701255/2022
ERROR: Duplicated sequence name hCoV-19/USA/RI-CDC-LC0701255/2022
ERROR: Duplicated sequence name hCoV-19/USA/RI-CDC-LC0701413/2022
ERROR: Duplicated sequence name hCoV-19/USA/RI-CDC-LC0701413/2022
ERROR: Duplicated sequence name hCoV-19/USA/RI-CDC-LC0701413/2022
ERROR: Duplicated sequence name hCoV-19/USA/RI-CDC-LC0701455/2022
ERROR: Duplicated sequence name hCoV-19/USA/RI-CDC-LC0701455/2022
ERROR: Duplicated sequence name hCoV-19/USA/RI-CDC-LC0701455/2022
ERROR: Duplicated sequence name hCoV-19/USA/RI-CDC-LC0701457/2022
ERROR: Duplicated sequence name hCoV-19/USA/RI-CDC-LC0701457/2022
ERROR: Duplicated sequence name hCoV-19/USA/RI-CDC-LC0701457/2022
ERROR: Duplicated sequence name hCoV-19/USA/RI-CDC-LC0701469/2022
ERROR: Duplicated sequence name hCoV-19/USA/RI-CDC-LC0701469/2022
ERROR: Duplicated sequence name hCoV-19/USA/RI-CDC-LC0701469/2022
ERROR: Duplicated sequence name hCoV-19/USA/RI-CDC-LC0701476/2022
ERROR: Duplicated sequence name hCoV-19/USA/RI-CDC-LC0701476/2022
ERROR: Duplicated sequence name hCoV-19/USA/RI-CDC-LC0701476/2022
ERROR: Duplicated sequence name hCoV-19/USA/RI-CDC-LC0701478/2022
ERROR: Duplicated sequence name hCoV-19/USA/RI-CDC-LC0701478/2022
ERROR: Duplicated sequence name hCoV-19/USA/RI-CDC-LC0701478/2022
ERROR: Duplicated sequence name hCoV-19/USA/RI-CDC-LC0701513/2022
ERROR: Duplicated sequence name hCoV-19/USA/RI-CDC-LC0701513/2022
ERROR: Duplicated sequence name hCoV-19/USA/RI-CDC-LC0701513/2022
ERROR: Duplicated sequence name hCoV-19/USA/RI-CDC-LC0701523/2022
ERROR: Duplicated sequence name hCoV-19/USA/RI-CDC-LC0701523/2022
ERROR: Duplicated sequence name hCoV-19/USA/RI-CDC-LC0701523/2022
ERROR: Duplicated sequence name hCoV-19/USA/RI-CDC-LC0701564/2022
ERROR: Duplicated sequence name hCoV-19/USA/RI-CDC-LC0701564/2022
ERROR: Duplicated sequence name hCoV-19/USA/RI-CDC-LC0701564/2022
ERROR: Duplicated sequence name hCoV-19/USA/RI-CDC-LC0701585/2022
ERROR: Duplicated sequence name hCoV-19/USA/RI-CDC-LC0701585/2022
ERROR: Duplicated sequence name hCoV-19/USA/RI-CDC-LC0701585/2022
ERROR: Duplicated sequence name hCoV-19/USA/RI-CDC-LC0701628/2022
ERROR: Duplicated sequence name hCoV-19/USA/RI-CDC-LC0701628/2022
ERROR: Duplicated sequence name hCoV-19/USA/RI-CDC-LC0701628/2022
ERROR: Duplicated sequence name hCoV-19/USA/RI-CDC-LC0701734/2022
ERROR: Duplicated sequence name hCoV-19/USA/RI-CDC-LC0701734/2022
ERROR: Duplicated sequence name hCoV-19/USA/RI-CDC-LC0701734/2022
ERROR: Duplicated sequence name hCoV-19/USA/RI-CDC-LC0701738/2022
ERROR: Duplicated sequence name hCoV-19/USA/RI-CDC-LC0701738/2022
ERROR: Duplicated sequence name hCoV-19/USA/RI-CDC-LC0701738/2022
ERROR: Duplicated sequence name hCoV-19/USA/RI-CDC-LC0701739/2022
ERROR: Duplicated sequence name hCoV-19/USA/RI-CDC-LC0701739/2022
ERROR: Duplicated sequence name hCoV-19/USA/RI-CDC-LC0701739/2022
ERROR: Duplicated sequence name hCoV-19/USA/RI-CDC-LC0701786/2022
ERROR: Duplicated sequence name hCoV-19/USA/RI-CDC-LC0701786/2022
ERROR: Duplicated sequence name hCoV-19/USA/RI-CDC-LC0701786/2022
ERROR: Duplicated sequence name hCoV-19/USA/RI-CDC-LC0701789/2022
ERROR: Duplicated sequence name hCoV-19/USA/RI-CDC-LC0701789/2022
ERROR: Duplicated sequence name hCoV-19/USA/RI-CDC-LC0701789/2022
ERROR: Duplicated sequence name hCoV-19/USA/RI-CDC-LC0701795/2022
ERROR: Duplicated sequence name hCoV-19/USA/RI-CDC-LC0701795/2022
ERROR: Duplicated sequence name hCoV-19/USA/RI-CDC-LC0701795/2022
ERROR: Duplicated sequence name hCoV-19/USA/RI-CDC-LC0701796/2022
ERROR: Duplicated sequence name hCoV-19/USA/RI-CDC-LC0701796/2022
ERROR: Duplicated sequence name hCoV-19/USA/RI-CDC-LC0701796/2022
ERROR: Duplicated sequence name hCoV-19/USA/RI-CDC-LC0701799/2022
ERROR: Duplicated sequence name hCoV-19/USA/RI-CDC-LC0701799/2022
ERROR: Duplicated sequence name hCoV-19/USA/RI-CDC-LC0701799/2022
ERROR: Duplicated sequence name hCoV-19/USA/RI-CDC-LC0701858/2022
ERROR: Duplicated sequence name hCoV-19/USA/RI-CDC-LC0701858/2022
ERROR: Duplicated sequence name hCoV-19/USA/RI-CDC-LC0701858/2022
ERROR: Duplicated sequence name hCoV-19/USA/RI-CDC-LC0701860/2022
ERROR: Duplicated sequence name hCoV-19/USA/RI-CDC-LC0701860/2022
ERROR: Duplicated sequence name hCoV-19/USA/RI-CDC-LC0701860/2022
ERROR: Duplicated sequence name hCoV-19/USA/RI-CDC-LC0702015/2022
ERROR: Duplicated sequence name hCoV-19/USA/RI-CDC-LC0702015/2022
ERROR: Duplicated sequence name hCoV-19/USA/RI-CDC-LC0702015/2022
ERROR: Duplicated sequence name hCoV-19/USA/RI-CDC-LC0702165/2022
ERROR: Duplicated sequence name hCoV-19/USA/RI-CDC-LC0702165/2022
ERROR: Duplicated sequence name hCoV-19/USA/RI-CDC-LC0702165/2022
ERROR: Duplicated sequence name hCoV-19/USA/RI-CDC-LC0702167/2022
ERROR: Duplicated sequence name hCoV-19/USA/RI-CDC-LC0702167/2022
ERROR: Duplicated sequence name hCoV-19/USA/RI-CDC-LC0702167/2022
ERROR: Duplicated sequence name hCoV-19/USA/RI-CDC-LC0702170/2022
ERROR: Duplicated sequence name hCoV-19/USA/RI-CDC-LC0702170/2022
ERROR: Duplicated sequence name hCoV-19/USA/RI-CDC-LC0702170/2022
ERROR: Duplicated sequence name hCoV-19/USA/RI-CDC-LC0702189/2022
ERROR: Duplicated sequence name hCoV-19/USA/RI-CDC-LC0702189/2022
ERROR: Duplicated sequence name hCoV-19/USA/RI-CDC-LC0702189/2022
ERROR: Duplicated sequence name hCoV-19/USA/RI-CDC-LC0702192/2022
ERROR: Duplicated sequence name hCoV-19/USA/RI-CDC-LC0702192/2022
ERROR: Duplicated sequence name hCoV-19/USA/RI-CDC-LC0702192/2022
ERROR: Duplicated sequence name hCoV-19/USA/RI-CDC-LC0702197/2022
ERROR: Duplicated sequence name hCoV-19/USA/RI-CDC-LC0702197/2022
ERROR: Duplicated sequence name hCoV-19/USA/RI-CDC-LC0702197/2022
ERROR: Duplicated sequence name hCoV-19/USA/RI-CDC-LC0702207/2022
ERROR: Duplicated sequence name hCoV-19/USA/RI-CDC-LC0702207/2022
ERROR: Duplicated sequence name hCoV-19/USA/RI-CDC-LC0702207/2022
ERROR: Duplicated sequence name hCoV-19/USA/RI-CDC-LC0702211/2022
ERROR: Duplicated sequence name hCoV-19/USA/RI-CDC-LC0702211/2022
ERROR: Duplicated sequence name hCoV-19/USA/RI-CDC-LC0702211/2022
ERROR: Duplicated sequence name hCoV-19/USA/RI-CDC-LC0702257/2022
ERROR: Duplicated sequence name hCoV-19/USA/RI-CDC-LC0702257/2022
ERROR: Duplicated sequence name hCoV-19/USA/RI-CDC-LC0702257/2022
ERROR: Duplicated sequence name hCoV-19/USA/RI-CDC-LC0702264/2022
ERROR: Duplicated sequence name hCoV-19/USA/RI-CDC-LC0702264/2022
ERROR: Duplicated sequence name hCoV-19/USA/RI-CDC-LC0702264/2022
ERROR: Duplicated sequence name hCoV-19/USA/RI-CDC-LC0702302/2022
ERROR: Duplicated sequence name hCoV-19/USA/RI-CDC-LC0702302/2022
ERROR: Duplicated sequence name hCoV-19/USA/RI-CDC-LC0702302/2022
ERROR: Duplicated sequence name hCoV-19/USA/RI-CDC-LC0702312/2022
ERROR: Duplicated sequence name hCoV-19/USA/RI-CDC-LC0702312/2022
ERROR: Duplicated sequence name hCoV-19/USA/RI-CDC-LC0702312/2022
ERROR: Duplicated sequence name hCoV-19/USA/RI-CDC-LC0702327/2022
ERROR: Duplicated sequence name hCoV-19/USA/RI-CDC-LC0702327/2022
ERROR: Duplicated sequence name hCoV-19/USA/RI-CDC-LC0702327/2022
ERROR: Duplicated sequence name hCoV-19/USA/RI-CDC-LC0702329/2022
ERROR: Duplicated sequence name hCoV-19/USA/RI-CDC-LC0702329/2022
ERROR: Duplicated sequence name hCoV-19/USA/RI-CDC-LC0702329/2022
ERROR: Duplicated sequence name hCoV-19/USA/RI-CDC-LC0702347/2022
ERROR: Duplicated sequence name hCoV-19/USA/RI-CDC-LC0702347/2022
ERROR: Duplicated sequence name hCoV-19/USA/RI-CDC-LC0702347/2022
ERROR: Duplicated sequence name hCoV-19/USA/RI-CDC-LC0979159/2023
ERROR: Duplicated sequence name hCoV-19/USA/RI-CDC-LC0979159/2023
ERROR: Duplicated sequence name hCoV-19/USA/RI-CDC-LC0979159/2023
ERROR: Duplicated sequence name hCoV-19/USA/RI-CDC-LC0979165/2023
ERROR: Duplicated sequence name hCoV-19/USA/RI-CDC-LC0979165/2023
ERROR: Duplicated sequence name hCoV-19/USA/RI-CDC-LC0979165/2023
ERROR: Duplicated sequence name hCoV-19/USA/RI-CDC-LC0979166/2023
ERROR: Duplicated sequence name hCoV-19/USA/RI-CDC-LC0979166/2023
ERROR: Duplicated sequence name hCoV-19/USA/RI-CDC-LC0979166/2023
ERROR: Duplicated sequence name hCoV-19/USA/RI-CDC-LC0979167/2023
ERROR: Duplicated sequence name hCoV-19/USA/RI-CDC-LC0979167/2023
ERROR: Duplicated sequence name hCoV-19/USA/RI-CDC-LC0979167/2023
ERROR: Duplicated sequence name hCoV-19/USA/RI-CDC-LC0979175/2023
ERROR: Duplicated sequence name hCoV-19/USA/RI-CDC-LC0979175/2023
ERROR: Duplicated sequence name hCoV-19/USA/RI-CDC-LC0979175/2023
ERROR: Duplicated sequence name hCoV-19/USA/RI-CDC-LC0979179/2023
ERROR: Duplicated sequence name hCoV-19/USA/RI-CDC-LC0979179/2023
ERROR: Duplicated sequence name hCoV-19/USA/RI-CDC-LC0979179/2023
ERROR: Duplicated sequence name hCoV-19/USA/RI-CDC-LC0979181/2023
ERROR: Duplicated sequence name hCoV-19/USA/RI-CDC-LC0979181/2023
ERROR: Duplicated sequence name hCoV-19/USA/RI-CDC-LC0979181/2023
ERROR: Duplicated sequence name hCoV-19/USA/RI-CDC-LC0979185/2023
ERROR: Duplicated sequence name hCoV-19/USA/RI-CDC-LC0979185/2023
ERROR: Duplicated sequence name hCoV-19/USA/RI-CDC-LC0979185/2023
ERROR: Duplicated sequence name hCoV-19/USA/RI-CDC-LC0979198/2023
ERROR: Duplicated sequence name hCoV-19/USA/RI-CDC-LC0979198/2023
ERROR: Duplicated sequence name hCoV-19/USA/RI-CDC-LC0979198/2023
ERROR: Duplicated sequence name hCoV-19/USA/RI-CDC-LC0979199/2023
ERROR: Duplicated sequence name hCoV-19/USA/RI-CDC-LC0979199/2023
ERROR: Duplicated sequence name hCoV-19/USA/RI-CDC-LC0979199/2023
ERROR: Duplicated sequence name hCoV-19/USA/RI-CDC-LC0979255/2023
ERROR: Duplicated sequence name hCoV-19/USA/RI-CDC-LC0979255/2023
ERROR: Duplicated sequence name hCoV-19/USA/RI-CDC-LC0979255/2023
ERROR: Duplicated sequence name hCoV-19/USA/RI-CDC-LC0979257/2023
ERROR: Duplicated sequence name hCoV-19/USA/RI-CDC-LC0979257/2023
ERROR: Duplicated sequence name hCoV-19/USA/RI-CDC-LC0979257/2023
ERROR: Duplicated sequence name hCoV-19/USA/RI-CDC-LC0979258/2022
ERROR: Duplicated sequence name hCoV-19/USA/RI-CDC-LC0979258/2022
ERROR: Duplicated sequence name hCoV-19/USA/RI-CDC-LC0979258/2022
ERROR: Duplicated sequence name hCoV-19/USA/RI-CDC-LC0979259/2023
ERROR: Duplicated sequence name hCoV-19/USA/RI-CDC-LC0979259/2023
ERROR: Duplicated sequence name hCoV-19/USA/RI-CDC-LC0979259/2023
ERROR: Duplicated sequence name hCoV-19/USA/RI-CDC-LC0979262/2023
ERROR: Duplicated sequence name hCoV-19/USA/RI-CDC-LC0979262/2023
ERROR: Duplicated sequence name hCoV-19/USA/RI-CDC-LC0979262/2023
ERROR: Duplicated sequence name hCoV-19/USA/RI-CDC-LC0979269/2023
ERROR: Duplicated sequence name hCoV-19/USA/RI-CDC-LC0979269/2023
ERROR: Duplicated sequence name hCoV-19/USA/RI-CDC-LC0979269/2023
ERROR: Duplicated sequence name hCoV-19/USA/RI-CDC-LC0979270/2023
ERROR: Duplicated sequence name hCoV-19/USA/RI-CDC-LC0979270/2023
ERROR: Duplicated sequence name hCoV-19/USA/RI-CDC-LC0979270/2023
ERROR: Duplicated sequence name hCoV-19/USA/RI-CDC-LC0979271/2023
ERROR: Duplicated sequence name hCoV-19/USA/RI-CDC-LC0979271/2023
ERROR: Duplicated sequence name hCoV-19/USA/RI-CDC-LC0979271/2023
ERROR: Duplicated sequence name hCoV-19/USA/RI-CDC-LC0979273/2023
ERROR: Duplicated sequence name hCoV-19/USA/RI-CDC-LC0979273/2023
ERROR: Duplicated sequence name hCoV-19/USA/RI-CDC-LC0979273/2023
ERROR: Duplicated sequence name hCoV-19/USA/RI-CDC-LC0979276/2023
ERROR: Duplicated sequence name hCoV-19/USA/RI-CDC-LC0979276/2023
ERROR: Duplicated sequence name hCoV-19/USA/RI-CDC-LC0979276/2023
ERROR: Duplicated sequence name hCoV-19/USA/RI-CDC-LC0979277/2023
ERROR: Duplicated sequence name hCoV-19/USA/RI-CDC-LC0979277/2023
ERROR: Duplicated sequence name hCoV-19/USA/RI-CDC-LC0979277/2023
ERROR: Duplicated sequence name hCoV-19/USA/RI-CDC-LC0979290/2023
ERROR: Duplicated sequence name hCoV-19/USA/RI-CDC-LC0979290/2023
ERROR: Duplicated sequence name hCoV-19/USA/RI-CDC-LC0979290/2023
ERROR: Duplicated sequence name hCoV-19/USA/RI-CDC-LC0979291/2023
ERROR: Duplicated sequence name hCoV-19/USA/RI-CDC-LC0979291/2023
ERROR: Duplicated sequence name hCoV-19/USA/RI-CDC-LC0979291/2023
ERROR: Duplicated sequence name hCoV-19/USA/RI-CDC-LC0979295/2023
ERROR: Duplicated sequence name hCoV-19/USA/RI-CDC-LC0979295/2023
ERROR: Duplicated sequence name hCoV-19/USA/RI-CDC-LC0979295/2023
ERROR: Duplicated sequence name hCoV-19/USA/RI-CDC-LC0979611/2022
ERROR: Duplicated sequence name hCoV-19/USA/RI-CDC-LC0979611/2022
ERROR: Duplicated sequence name hCoV-19/USA/RI-CDC-LC0979611/2022
ERROR: Duplicated sequence name hCoV-19/USA/RI-CDC-LC0979625/2022
ERROR: Duplicated sequence name hCoV-19/USA/RI-CDC-LC0979625/2022
ERROR: Duplicated sequence name hCoV-19/USA/RI-CDC-LC0979625/2022
ERROR: Duplicated sequence name hCoV-19/USA/RI-CDC-LC0979712/2022
ERROR: Duplicated sequence name hCoV-19/USA/RI-CDC-LC0979712/2022
ERROR: Duplicated sequence name hCoV-19/USA/RI-CDC-LC0979712/2022
ERROR: Duplicated sequence name hCoV-19/USA/RI-CDC-LC0979713/2022
ERROR: Duplicated sequence name hCoV-19/USA/RI-CDC-LC0979713/2022
ERROR: Duplicated sequence name hCoV-19/USA/RI-CDC-LC0979713/2022
ERROR: Duplicated sequence name hCoV-19/USA/RI-CDC-LC0979757/2022
ERROR: Duplicated sequence name hCoV-19/USA/RI-CDC-LC0979757/2022
ERROR: Duplicated sequence name hCoV-19/USA/RI-CDC-LC0979757/2022
ERROR: Duplicated sequence name hCoV-19/USA/RI-CDC-LC0979761/2022
ERROR: Duplicated sequence name hCoV-19/USA/RI-CDC-LC0979761/2022
ERROR: Duplicated sequence name hCoV-19/USA/RI-CDC-LC0979761/2022
ERROR: Duplicated sequence name hCoV-19/USA/RI-CDC-LC0979772/2022
ERROR: Duplicated sequence name hCoV-19/USA/RI-CDC-LC0979772/2022
ERROR: Duplicated sequence name hCoV-19/USA/RI-CDC-LC0979772/2022
ERROR: Duplicated sequence name hCoV-19/USA/RI-CDC-LC0979804/2022
ERROR: Duplicated sequence name hCoV-19/USA/RI-CDC-LC0979804/2022
ERROR: Duplicated sequence name hCoV-19/USA/RI-CDC-LC0979804/2022
ERROR: Duplicated sequence name hCoV-19/USA/RI-CDC-LC0979807/2022
ERROR: Duplicated sequence name hCoV-19/USA/RI-CDC-LC0979807/2022
ERROR: Duplicated sequence name hCoV-19/USA/RI-CDC-LC0979807/2022
ERROR: Duplicated sequence name hCoV-19/USA/RI-CDC-LC0979888/2023
ERROR: Duplicated sequence name hCoV-19/USA/RI-CDC-LC0979888/2023
ERROR: Duplicated sequence name hCoV-19/USA/RI-CDC-LC0979888/2023
ERROR: Duplicated sequence name hCoV-19/USA/RI-CDC-LC0979889/2023
ERROR: Duplicated sequence name hCoV-19/USA/RI-CDC-LC0979889/2023
ERROR: Duplicated sequence name hCoV-19/USA/RI-CDC-LC0979889/2023
ERROR: Duplicated sequence name hCoV-19/USA/RI-CDC-LC0979896/2022
ERROR: Duplicated sequence name hCoV-19/USA/RI-CDC-LC0979896/2022
ERROR: Duplicated sequence name hCoV-19/USA/RI-CDC-LC0979896/2022
ERROR: Duplicated sequence name hCoV-19/USA/RI-CDC-LC0979897/2023
ERROR: Duplicated sequence name hCoV-19/USA/RI-CDC-LC0979897/2023
ERROR: Duplicated sequence name hCoV-19/USA/RI-CDC-LC0979897/2023
ERROR: Duplicated sequence name hCoV-19/USA/RI-CDC-LC0979903/2023
ERROR: Duplicated sequence name hCoV-19/USA/RI-CDC-LC0979903/2023
ERROR: Duplicated sequence name hCoV-19/USA/RI-CDC-LC0979903/2023
ERROR: Duplicated sequence name hCoV-19/USA/RI-CDC-LC0979907/2023
ERROR: Duplicated sequence name hCoV-19/USA/RI-CDC-LC0979907/2023
ERROR: Duplicated sequence name hCoV-19/USA/RI-CDC-LC0979907/2023
ERROR: Duplicated sequence name hCoV-19/USA/RI-CDC-LC0979913/2023
ERROR: Duplicated sequence name hCoV-19/USA/RI-CDC-LC0979913/2023
ERROR: Duplicated sequence name hCoV-19/USA/RI-CDC-LC0979913/2023
ERROR: Duplicated sequence name hCoV-19/USA/RI-CDC-LC0979950/2023
ERROR: Duplicated sequence name hCoV-19/USA/RI-CDC-LC0979950/2023
ERROR: Duplicated sequence name hCoV-19/USA/RI-CDC-LC0979950/2023
ERROR: Duplicated sequence name hCoV-19/USA/RI-CDC-LC0980286/2023
ERROR: Duplicated sequence name hCoV-19/USA/RI-CDC-LC0980286/2023
ERROR: Duplicated sequence name hCoV-19/USA/RI-CDC-LC0980286/2023
ERROR: Duplicated sequence name hCoV-19/USA/RI-CDC-LC0980298/2023
ERROR: Duplicated sequence name hCoV-19/USA/RI-CDC-LC0980298/2023
ERROR: Duplicated sequence name hCoV-19/USA/RI-CDC-LC0980298/2023
ERROR: Duplicated sequence name hCoV-19/USA/RI-CDC-LC0980427/2023
ERROR: Duplicated sequence name hCoV-19/USA/RI-CDC-LC0980427/2023
ERROR: Duplicated sequence name hCoV-19/USA/RI-CDC-LC0980427/2023
ERROR: Duplicated sequence name hCoV-19/USA/RI-CDC-LC0980428/2023
ERROR: Duplicated sequence name hCoV-19/USA/RI-CDC-LC0980428/2023
ERROR: Duplicated sequence name hCoV-19/USA/RI-CDC-LC0980428/2023
ERROR: Duplicated sequence name hCoV-19/USA/RI-CDC-LC0980429/2023
ERROR: Duplicated sequence name hCoV-19/USA/RI-CDC-LC0980429/2023
ERROR: Duplicated sequence name hCoV-19/USA/RI-CDC-LC0980429/2023
ERROR: Duplicated sequence name hCoV-19/USA/RI-CDC-LC0980435/2023
ERROR: Duplicated sequence name hCoV-19/USA/RI-CDC-LC0980435/2023
ERROR: Duplicated sequence name hCoV-19/USA/RI-CDC-LC0980435/2023
ERROR: Duplicated sequence name hCoV-19/USA/RI-CDC-LC0981117/2023
ERROR: Duplicated sequence name hCoV-19/USA/RI-CDC-LC0981117/2023
ERROR: Duplicated sequence name hCoV-19/USA/RI-CDC-LC0981117/2023
ERROR: Duplicated sequence name hCoV-19/USA/RI-CDC-STM-J5YQDSQMJ/2023
ERROR: Duplicated sequence name hCoV-19/USA/RI-CDC-STM-J5YQDSQMJ/2023
ERROR: Duplicated sequence name hCoV-19/USA/RI-CDC-STM-J5YQDSQMJ/2023
ERROR: Please rename sequences listed above!
